<?xml version="1.0" encoding="UTF-8"?>
<testng-results skipped="0" failed="1" ignored="0" total="1" passed="0">
  <reporter-output>
  </reporter-output>
  <suite name="Default suite" duration-ms="28" started-at="2018-07-09T19:06:25Z" finished-at="2018-07-09T19:06:25Z">
    <groups>
    </groups>
    <test name="Default test" duration-ms="28" started-at="2018-07-09T19:06:25Z" finished-at="2018-07-09T19:06:25Z">
      <class name="com.test.assignment.APITest.CreateCountryTest">
        <test-method status="PASS" signature="setUp()[pri:0, instance:com.test.assignment.APITest.CreateCountryTest@5e3a8624]" name="setUp" is-config="true" duration-ms="5" started-at="2018-07-10T00:36:25Z" finished-at="2018-07-10T00:36:25Z">
          <reporter-output>
          </reporter-output>
        </test-method> <!-- setUp -->
        <test-method status="FAIL" signature="createCountryTest()[pri:0, instance:com.test.assignment.APITest.CreateCountryTest@5e3a8624]" name="createCountryTest" duration-ms="5" started-at="2018-07-10T00:36:25Z" finished-at="2018-07-10T00:36:25Z">
          <exception class="java.io.FileNotFoundException">
            <message>
              <![CDATA[E:\HomeChallengeAPI\HomeChallengeAPI\src\main\java\com\test\assignment\testDataPayload\CreateCountry.json (The system cannot find the file specified)]]>
            </message>
            <full-stacktrace>
              <![CDATA[java.io.FileNotFoundException: E:\HomeChallengeAPI\HomeChallengeAPI\src\main\java\com\test\assignment\testDataPayload\CreateCountry.json (The system cannot find the file specified)
	at java.io.FileInputStream.open0(Native Method)
	at java.io.FileInputStream.open(FileInputStream.java:195)
	at java.io.FileInputStream.<init>(FileInputStream.java:138)
	at java.io.FileInputStream.<init>(FileInputStream.java:93)
	at java.io.FileReader.<init>(FileReader.java:58)
	at com.test.assignment.APITest.CreateCountryTest.createCountryTest(CreateCountryTest.java:47)
	at sun.reflect.NativeMethodAccessorImpl.invoke0(Native Method)
	at sun.reflect.NativeMethodAccessorImpl.invoke(NativeMethodAccessorImpl.java:62)
	at sun.reflect.DelegatingMethodAccessorImpl.invoke(DelegatingMethodAccessorImpl.java:43)
	at java.lang.reflect.Method.invoke(Method.java:498)
	at org.testng.internal.MethodInvocationHelper.invokeMethod(MethodInvocationHelper.java:108)
	at org.testng.internal.Invoker.invokeMethod(Invoker.java:669)
	at org.testng.internal.Invoker.invokeTestMethod(Invoker.java:877)
	at org.testng.internal.Invoker.invokeTestMethods(Invoker.java:1201)
	at org.testng.internal.TestMethodWorker.invokeTestMethods(TestMethodWorker.java:125)
	at org.testng.internal.TestMethodWorker.run(TestMethodWorker.java:109)
	at org.testng.TestRunner.privateRun(TestRunner.java:776)
	at org.testng.TestRunner.run(TestRunner.java:634)
	at org.testng.SuiteRunner.runTest(SuiteRunner.java:425)
	at org.testng.SuiteRunner.runSequentially(SuiteRunner.java:420)
	at org.testng.SuiteRunner.privateRun(SuiteRunner.java:385)
	at org.testng.SuiteRunner.run(SuiteRunner.java:334)
	at org.testng.SuiteRunnerWorker.runSuite(SuiteRunnerWorker.java:52)
	at org.testng.SuiteRunnerWorker.run(SuiteRunnerWorker.java:86)
	at org.testng.TestNG.runSuitesSequentially(TestNG.java:1318)
	at org.testng.TestNG.runSuitesLocally(TestNG.java:1243)
	at org.testng.TestNG.runSuites(TestNG.java:1161)
	at org.testng.TestNG.run(TestNG.java:1129)
	at org.testng.remote.AbstractRemoteTestNG.run(AbstractRemoteTestNG.java:114)
	at org.testng.remote.RemoteTestNG.initAndRun(RemoteTestNG.java:251)
	at org.testng.remote.RemoteTestNG.main(RemoteTestNG.java:77)
]]>
            </full-stacktrace>
          </exception> <!-- java.io.FileNotFoundException -->
          <reporter-output>
          </reporter-output>
        </test-method> <!-- createCountryTest -->
      </class> <!-- com.test.assignment.APITest.CreateCountryTest -->
    </test> <!-- Default test -->
  </suite> <!-- Default suite -->
</testng-results>
